{"/Users/denyscheporniuk/Documents/projects/algo_tasks/exercises/anagrams/index.js": {"path":"/Users/denyscheporniuk/Documents/projects/algo_tasks/exercises/anagrams/index.js","statementMap":{"0":{"start":{"line":12,"column":13},"end":{"line":12,"column":57}},"1":{"start":{"line":13,"column":13},"end":{"line":13,"column":57}},"2":{"start":{"line":15,"column":2},"end":{"line":17,"column":3}},"3":{"start":{"line":16,"column":4},"end":{"line":16,"column":17}},"4":{"start":{"line":19,"column":18},"end":{"line":19,"column":20}},"5":{"start":{"line":20,"column":18},"end":{"line":20,"column":20}},"6":{"start":{"line":22,"column":2},"end":{"line":32,"column":3}},"7":{"start":{"line":23,"column":4},"end":{"line":25,"column":5}},"8":{"start":{"line":24,"column":6},"end":{"line":24,"column":19}},"9":{"start":{"line":27,"column":4},"end":{"line":27,"column":47}},"10":{"start":{"line":28,"column":4},"end":{"line":28,"column":47}},"11":{"start":{"line":30,"column":4},"end":{"line":30,"column":28}},"12":{"start":{"line":31,"column":4},"end":{"line":31,"column":28}},"13":{"start":{"line":34,"column":2},"end":{"line":36,"column":3}},"14":{"start":{"line":35,"column":4},"end":{"line":35,"column":17}},"15":{"start":{"line":38,"column":2},"end":{"line":42,"column":3}},"16":{"start":{"line":39,"column":4},"end":{"line":41,"column":5}},"17":{"start":{"line":40,"column":6},"end":{"line":40,"column":18}},"18":{"start":{"line":44,"column":2},"end":{"line":44,"column":14}},"19":{"start":{"line":47,"column":0},"end":{"line":47,"column":26}}},"fnMap":{"0":{"name":"anagrams","decl":{"start":{"line":11,"column":9},"end":{"line":11,"column":17}},"loc":{"start":{"line":11,"column":36},"end":{"line":45,"column":1}},"line":11}},"branchMap":{"0":{"loc":{"start":{"line":15,"column":2},"end":{"line":17,"column":3}},"type":"if","locations":[{"start":{"line":15,"column":2},"end":{"line":17,"column":3}},{"start":{},"end":{}}],"line":15},"1":{"loc":{"start":{"line":23,"column":4},"end":{"line":25,"column":5}},"type":"if","locations":[{"start":{"line":23,"column":4},"end":{"line":25,"column":5}},{"start":{},"end":{}}],"line":23},"2":{"loc":{"start":{"line":27,"column":22},"end":{"line":27,"column":46}},"type":"binary-expr","locations":[{"start":{"line":27,"column":22},"end":{"line":27,"column":41}},{"start":{"line":27,"column":45},"end":{"line":27,"column":46}}],"line":27},"3":{"loc":{"start":{"line":28,"column":22},"end":{"line":28,"column":46}},"type":"binary-expr","locations":[{"start":{"line":28,"column":22},"end":{"line":28,"column":41}},{"start":{"line":28,"column":45},"end":{"line":28,"column":46}}],"line":28},"4":{"loc":{"start":{"line":34,"column":2},"end":{"line":36,"column":3}},"type":"if","locations":[{"start":{"line":34,"column":2},"end":{"line":36,"column":3}},{"start":{},"end":{}}],"line":34},"5":{"loc":{"start":{"line":39,"column":4},"end":{"line":41,"column":5}},"type":"if","locations":[{"start":{"line":39,"column":4},"end":{"line":41,"column":5}},{"start":{},"end":{}}],"line":39}},"s":{"0":1,"1":1,"2":1,"3":0,"4":1,"5":1,"6":1,"7":5,"8":0,"9":5,"10":5,"11":5,"12":5,"13":1,"14":1,"15":0,"16":0,"17":0,"18":0,"19":1},"f":{"0":1},"b":{"0":[0,1],"1":[0,5],"2":[5,4],"3":[5,4],"4":[1,0],"5":[0,0]},"_coverageSchema":"1a1c01bbd47fc00a2c39e90264f33305004495a9","hash":"c6b515af676449fcd3f776525a9c062c400acb84"}
}
